time="2023-09-21T08:27:30+05:00" level=error msg="ОШИБКА: ошибка синтаксиса (примерное положение: \"%\") (SQLSTATE 42601)"
time="2023-09-22T09:33:35+05:00" level=error msg="ОШИБКА: ошибка синтаксиса (примерное положение: \"%\") (SQLSTATE 42601)"
time="2023-09-22T23:30:47+05:00" level=error msg="Your token has expired"
time="2023-09-22T23:32:11+05:00" level=error msg="ОШИБКА: столбец \"table_id\" в таблице \"orders\" не существует (SQLSTATE 42703)"
time="2023-09-22T23:32:47+05:00" level=error msg="ОШИБКА: отношение \"order_items\" не существует (SQLSTATE 42P01)"
time="2023-09-22T23:49:11+05:00" level=error msg="Table is reserved :("
time="2023-09-25T12:06:08+05:00" level=error msg="Your token has expired"
time="2023-09-25T12:08:17+05:00" level=error msg="Table is reserved :("
time="2023-09-25T12:33:59+05:00" level=error msg="ОШИБКА: INSERT или UPDATE в таблице \"employers\" нарушает ограничение внешнего ключа \"employers_role_id_fkey\" (SQLSTATE 23503)"
time="2023-09-25T12:34:32+05:00" level=error msg="ОШИБКА: INSERT или UPDATE в таблице \"employers\" нарушает ограничение внешнего ключа \"employers_role_id_fkey\" (SQLSTATE 23503)"
time="2023-09-25T12:37:28+05:00" level=error msg="crypto/bcrypt: hashedSecret too short to be a bcrypted password"
time="2023-09-25T12:45:27+05:00" level=error msg="ОШИБКА: столбец \"zone_name\" не существует (SQLSTATE 42703)"
time="2023-09-25T12:49:53+05:00" level=error msg="Your token has expired"
time="2023-09-25T12:50:40+05:00" level=error msg="strconv.Atoi: parsing \"\": invalid syntax"
time="2023-09-25T13:05:13+05:00" level=error msg="ОШИБКА: INSERT или UPDATE в таблице \"orders_items\" нарушает ограничение внешнего ключа \"orders_items_menu_id_fkey\" (SQLSTATE 23503)"
time="2023-09-25T13:07:15+05:00" level=error msg="Table is reserved :("
time="2023-09-25T13:07:43+05:00" level=error msg="ОШИБКА: INSERT или UPDATE в таблице \"orders_items\" нарушает ограничение внешнего ключа \"orders_items_status_fkey\" (SQLSTATE 23503)"
time="2023-09-25T13:11:26+05:00" level=error msg="Table is reserved :("
time="2023-09-25T16:06:40+05:00" level=error msg="Table is reserved :("
time="2023-09-25T16:14:49+05:00" level=error msg="Your token has expired"
time="2023-09-25T16:16:45+05:00" level=error msg="Your token has expired"
time="2023-09-26T19:14:34+05:00" level=error msg="Your token has expired"
time="2023-09-26T19:15:12+05:00" level=error msg="strconv.Atoi: parsing \"\": invalid syntax"
time="2023-09-26T19:16:06+05:00" level=error msg="ОШИБКА: ошибка синтаксиса (примерное положение: \"=\") (SQLSTATE 42601)"
time="2023-09-26T20:02:49+05:00" level=error msg="ОШИБКА: ошибка синтаксиса (примерное положение: \",\") (SQLSTATE 42601)"
time="2023-09-26T20:03:30+05:00" level=error msg="ОШИБКА: столбец \"service_charges\" в таблице \"orders\" не существует (SQLSTATE 42703)"
time="2023-09-26T20:04:23+05:00" level=error msg="ОШИБКА: INSERT или UPDATE в таблице \"orders\" нарушает ограничение внешнего ключа \"orders_service_charge_fkey\" (SQLSTATE 23503)"
time="2023-09-30T10:23:51+05:00" level=error msg="ОШИБКА: INSERT или UPDATE в таблице \"orders_items\" нарушает ограничение внешнего ключа \"orders_items_menu_id_fkey\" (SQLSTATE 23503)"
time="2023-09-30T10:27:40+05:00" level=error msg="Table is reserved :("
time="2023-09-30T10:27:46+05:00" level=error msg="ОШИБКА: INSERT или UPDATE в таблице \"orders_items\" нарушает ограничение внешнего ключа \"orders_items_menu_id_fkey\" (SQLSTATE 23503)"
time="2023-09-30T10:29:08+05:00" level=error msg="Table is reserved :("
time="2023-09-30T10:35:35+05:00" level=error msg="Your token has expired"
time="2023-09-30T10:37:03+05:00" level=error msg="Your token has expired"
time="2023-09-30T10:42:20+05:00" level=error msg="ОШИБКА: неоднозначная ссылка на столбец \"cost\" (SQLSTATE 42702)"
time="2023-09-30T10:53:46+05:00" level=error msg="Table is reserved :("
time="2023-09-30T11:18:44+05:00" level=error msg="Table is reserved :("
time="2023-09-30T11:18:50+05:00" level=error msg="Table is reserved :("
time="2023-09-30T11:19:08+05:00" level=error msg="ОШИБКА: неоднозначная ссылка на столбец \"cost\" (SQLSTATE 42702)"
time="2023-09-30T11:28:56+05:00" level=error msg="ОШИБКА: неоднозначная ссылка на столбец \"cost\" (SQLSTATE 42702)"
time="2023-10-01T11:01:07+05:00" level=error msg="ОШИБКА: столбец \"employers_id\" в таблице \"tokens\" не существует (SQLSTATE 42703)"
time="2023-10-01T11:02:57+05:00" level=error msg="ОШИБКА: ошибка синтаксиса (примерное положение: \"where\") (SQLSTATE 42601)"
time="2023-10-01T11:10:38+05:00" level=error msg="your token has expired"
time="2023-10-01T11:12:36+05:00" level=error msg="your token has expired"
time="2023-10-01T12:14:30+05:00" level=error msg="Check Closet yet"
time="2023-10-01T13:01:56+05:00" level=error msg="<nil>"
time="2023-10-01T13:01:56+05:00" level=info msg="incorrect UserId"
time="2023-10-01T13:03:09+05:00" level=error msg="<nil>"
time="2023-10-01T13:03:09+05:00" level=info msg="incorrect UserId"
time="2023-10-01T13:05:57+05:00" level=error msg="<nil>"
time="2023-10-01T13:05:57+05:00" level=info msg="incorrect UserId"
time="2023-10-01T13:06:54+05:00" level=error msg="<nil>"
time="2023-10-01T13:06:54+05:00" level=info msg="incorrect UserId"
time="2023-10-01T13:08:30+05:00" level=error msg="<nil>"
time="2023-10-01T13:08:30+05:00" level=info msg="incorrect UserId"
time="2023-10-01T13:09:06+05:00" level=error msg="Check Closet yet"
time="2023-10-01T13:09:06+05:00" level=info msg="incorrect UserId"
time="2023-10-01T13:11:37+05:00" level=error msg="Check Closet yet"
time="2023-10-01T13:12:19+05:00" level=error msg="Check Closet yet"
time="2023-10-01T13:12:50+05:00" level=error msg="incorrect user"
time="2023-10-01T13:34:42+05:00" level=error msg="Not Waiter"
time="2023-10-01T13:35:10+05:00" level=error msg="Not Waiter"
time="2023-10-01T13:36:23+05:00" level=error msg="Not Waiter"
time="2023-10-01T13:37:36+05:00" level=error msg="Not Waiter"
time="2023-10-01T13:38:09+05:00" level=error msg="Not Waiter"
time="2023-10-01T13:39:28+05:00" level=error msg="Not Waiter"
time="2023-10-01T13:42:11+05:00" level=error msg="Not Waiter"
time="2023-10-01T13:44:37+05:00" level=error msg="Not Waiter"
time="2023-10-01T13:48:24+05:00" level=error msg="7)Not Waiter"
time="2023-10-01T13:49:14+05:00" level=error msg="7)Not Waiter"
time="2023-10-01T13:52:55+05:00" level=error msg="7)Not Waiter"
time="2023-10-01T13:55:05+05:00" level=error msg="Not Waiter"
time="2023-10-01T13:57:17+05:00" level=error msg="ОШИБКА: неоднозначная ссылка на столбец \"id\" (SQLSTATE 42702)"
{"level":"error","msg":"your token has expired","time":"2023-10-01T16:42:52+05:00"}
{"level":"error","msg":"this login is used:(","time":"2023-10-04T08:54:35+05:00"}
{"level":"error","msg":"crypto/bcrypt: hashedPassword is not the hash of the given password","time":"2023-10-04T08:54:57+05:00"}
{"level":"error","msg":"Not Waiter","time":"2023-10-04T08:55:35+05:00"}
{"level":"error","msg":"current table","time":"2023-10-04T08:56:34+05:00"}
{"level":"error","msg":"incorrect zone Id","time":"2023-10-04T08:57:08+05:00"}
{"level":"error","msg":"your token has expired","time":"2023-10-04T08:58:12+05:00"}
{"level":"error","msg":"EOF","time":"2023-10-04T08:58:39+05:00"}
{"level":"error","msg":"current category:(","time":"2023-10-04T09:04:33+05:00"}
{"level":"error","msg":"your token has expired","time":"2023-10-04T09:06:31+05:00"}
{"level":"error","msg":"ОШИБКА: ошибка синтаксиса в конце (SQLSTATE 42601)","time":"2023-10-04T09:07:01+05:00"}
{"level":"error","msg":"sql: Scan error on column index 0, name \"salary\": converting driver.Value type float64 (\"208.04\") to a int: invalid syntax","time":"2023-10-04T09:44:41+05:00"}
{"level":"error","msg":"strconv.ParseFloat: parsing \"\": invalid syntax","time":"2023-10-04T10:25:58+05:00"}
{"level":"error","msg":"this login is too short","time":"2023-10-04T14:30:20+05:00"}
{"level":"error","msg":"this login is too short","time":"2023-10-04T14:30:35+05:00"}
{"level":"error","msg":"Пароль должен содержать не менее 8 символов","time":"2023-10-04T14:31:16+05:00"}
{"level":"error","msg":"Пароль должен содержать не менее 8 символов","time":"2023-10-04T14:32:06+05:00"}
{"level":"error","msg":"Пароль должен содержать хотя бы одну цифру","time":"2023-10-04T14:32:22+05:00"}
{"level":"error","msg":"this login is used:(","time":"2023-10-04T14:33:01+05:00"}
{"level":"error","msg":"this login is used:(","time":"2023-10-04T14:33:16+05:00"}
{"level":"error","msg":"this login is used:(","time":"2023-10-04T14:33:32+05:00"}
{"level":"error","msg":"Пароль должен содержать не менее 8 символов","time":"2023-10-04T14:33:54+05:00"}
{"level":"error","msg":"Пароль должен содержать не менее 8 символов","time":"2023-10-04T14:33:57+05:00"}
{"level":"error","msg":"your token has expired","time":"2023-10-04T14:53:12+05:00"}
{"level":"error","msg":"Table is reserved :(","time":"2023-10-04T14:56:46+05:00"}
{"level":"error","msg":"your token has expired","time":"2023-10-04T14:57:17+05:00"}
{"level":"error","msg":"your token has expired","time":"2023-10-04T14:57:34+05:00"}
{"level":"error","msg":"your token has expired","time":"2023-10-04T14:58:15+05:00"}
{"level":"error","msg":"crypto/bcrypt: hashedSecret too short to be a bcrypted password","time":"2023-10-04T14:58:38+05:00"}
{"level":"error","msg":"incorrect user","time":"2023-10-04T14:59:41+05:00"}
{"level":"error","msg":"your token has expired","time":"2023-10-04T15:04:04+05:00"}
{"level":"error","msg":"crypto/bcrypt: hashedSecret too short to be a bcrypted password","time":"2023-10-04T18:18:48+05:00"}
{"level":"error","msg":"ОШИБКА: INSERT или UPDATE в таблице \"orders\" нарушает ограничение внешнего ключа \"orders_place_fkey\" (SQLSTATE 23503)","time":"2023-10-04T18:19:34+05:00"}
{"level":"error","msg":"ОШИБКА: INSERT или UPDATE в таблице \"orders\" нарушает ограничение внешнего ключа \"orders_place_fkey\" (SQLSTATE 23503)","time":"2023-10-04T18:19:52+05:00"}
{"level":"error","msg":"this login is used:(","time":"2023-10-05T10:40:50+05:00"}
{"level":"error","msg":"Table is reserved :(","time":"2023-10-05T11:04:42+05:00"}
{"level":"error","msg":"Table is reserved :(","time":"2023-10-05T11:07:52+05:00"}
{"level":"error","msg":"Table is reserved :(","time":"2023-10-05T11:07:58+05:00"}
{"level":"error","msg":"Table is reserved :(","time":"2023-10-05T11:08:03+05:00"}
{"level":"error","msg":"your token has expired","time":"2023-10-05T20:51:28+05:00"}
{"level":"error","msg":"your token has expired","time":"2023-10-05T20:51:28+05:00"}
{"level":"error","msg":"your token has expired","time":"2023-10-05T21:39:33+05:00"}
{"level":"error","msg":"ОШИБКА: в элементе предложения FROM неверная ссылка на таблицу \"menu\" (SQLSTATE 42P01)","time":"2023-10-05T21:39:40+05:00"}
{"level":"error","msg":"ОШИБКА: в элементе предложения FROM неверная ссылка на таблицу \"orders_items\" (SQLSTATE 42P01)","time":"2023-10-05T21:40:39+05:00"}
{"level":"error","msg":"your token has expired","time":"2023-10-05T21:41:27+05:00"}
{"level":"error","msg":"crypto/bcrypt: hashedPassword is not the hash of the given password","time":"2023-10-05T21:43:01+05:00"}
{"level":"error","msg":"your token has expired","time":"2023-10-05T21:52:13+05:00"}
{"level":"error","msg":"crypto/bcrypt: hashedSecret too short to be a bcrypted password","time":"2023-10-08T22:23:51+05:00"}
{"level":"error","msg":"invalid character 'i' looking for beginning of object key string","time":"2023-10-08T22:52:42+05:00"}
{"level":"error","msg":"Table is reserved :(","time":"2023-10-08T22:53:21+05:00"}
{"level":"error","msg":"Table is reserved :(","time":"2023-10-08T22:53:45+05:00"}
{"level":"error","msg":"Table is reserved :(","time":"2023-10-08T22:54:15+05:00"}
{"level":"error","msg":"Table is reserved :(","time":"2023-10-08T22:54:21+05:00"}
{"level":"error","msg":"ОШИБКА: столбец z.reserved не существует (SQLSTATE 42703)","time":"2023-10-08T23:19:59+05:00"}
{"level":"error","msg":"Table is reserved :(","time":"2023-10-08T23:55:29+05:00"}
{"level":"error","msg":"crypto/bcrypt: hashedSecret too short to be a bcrypted password","time":"2023-10-09T13:33:38+05:00"}
